<?xml version="1.0" encoding="UTF-8"?>
<!-- Generated by org.testng.reporters.JUnitReportReporter -->
<testsuite hostname="hp" failures="0" tests="1" name="pages.testmavn" time="3.086" errors="0" timestamp="2023-01-30T14:30:52 IST" skipped="0">
  <testcase classname="pages.testmavn" name="test1" time="3.086"/>
  <system-out/>
</testsuite> <!-- pages.testmavn -->
