<?xml version="1.0" encoding="UTF-8"?>
<!-- Generated by org.testng.reporters.JUnitReportReporter -->
<testsuite hostname="hp" failures="0" tests="1" name="pages.login1" time="1.327" errors="0" timestamp="2023-01-30T14:31:29 IST" skipped="0">
  <testcase classname="pages.login1" name="test" time="1.327"/>
  <system-out/>
</testsuite> <!-- pages.login1 -->
